2023-07-23 00:58:38.223 | DEBUG    | music_recognition:MusicError:19 - Debug info: Bucket ID: 20149
2023-07-23 00:58:38.233 | ERROR    | music_recognition:MusicRecognitionError:25 - Can't recognize audio file in database
2023-07-23 00:58:38.248 | ERROR    | music_recognition:MusicUploadError:30 - Can't upload audio file to database
2023-07-23 00:58:38.260 | ERROR    | music_recognition:MusicDeleteError:35 - Can't delete audio file from database
2023-07-23 01:11:28.506 | DEBUG    | music_recognition:MusicError:19 - Debug info: Bucket ID: 20149
2023-07-23 01:11:28.515 | ERROR    | music_recognition:MusicRecognitionError:25 - Can't recognize audio file in database
2023-07-23 01:11:28.521 | ERROR    | music_recognition:MusicUploadError:30 - Can't upload audio file to database
2023-07-23 01:11:28.527 | ERROR    | music_recognition:MusicDeleteError:35 - Can't delete audio file from database
2023-07-23 01:16:34.673 | DEBUG    | music_recognition:MusicError:19 - Debug info: Bucket ID: 20149
2023-07-23 01:16:34.686 | ERROR    | music_recognition:MusicRecognitionError:25 - Can't recognize audio file in database
2023-07-23 01:16:34.811 | ERROR    | music_recognition:MusicUploadError:30 - Can't upload audio file to database
2023-07-23 01:16:34.858 | ERROR    | music_recognition:MusicDeleteError:35 - Can't delete audio file from database
2023-07-23 01:16:55.016 | INFO     | instagram_bot:download_user_stories_as_videos:135 - User has no stoies
2023-07-23 02:00:36.942 | DEBUG    | TrackSeeker.music_recognition:MusicError:19 - Debug info: Bucket ID: 20149
2023-07-23 02:00:36.952 | ERROR    | TrackSeeker.music_recognition:MusicRecognitionError:25 - Can't recognize audio file in database
2023-07-23 02:00:36.959 | ERROR    | TrackSeeker.music_recognition:MusicUploadError:30 - Can't upload audio file to database
2023-07-23 02:00:36.976 | ERROR    | TrackSeeker.music_recognition:MusicDeleteError:35 - Can't delete audio file from database
2023-07-23 02:00:40.356 | DEBUG    | TrackSeeker.music_recognition:MusicError:19 - Debug info: Bucket ID: 20149
2023-07-23 02:00:40.364 | ERROR    | TrackSeeker.music_recognition:MusicRecognitionError:25 - Can't recognize audio file in database
2023-07-23 02:00:40.369 | ERROR    | TrackSeeker.music_recognition:MusicUploadError:30 - Can't upload audio file to database
2023-07-23 02:00:40.374 | ERROR    | TrackSeeker.music_recognition:MusicDeleteError:35 - Can't delete audio file from database
2023-07-23 02:02:38.788 | DEBUG    | TrackSeeker.music_recognition:MusicError:19 - Debug info: Bucket ID: 20149
2023-07-23 02:02:38.797 | ERROR    | TrackSeeker.music_recognition:MusicRecognitionError:25 - Can't recognize audio file in database
2023-07-23 02:02:38.806 | ERROR    | TrackSeeker.music_recognition:MusicUploadError:30 - Can't upload audio file to database
2023-07-23 02:02:38.813 | ERROR    | TrackSeeker.music_recognition:MusicDeleteError:35 - Can't delete audio file from database
2023-07-23 02:03:44.250 | DEBUG    | TrackSeeker.music_recognition:MusicError:19 - Debug info: Bucket ID: 20149
2023-07-23 02:03:44.260 | ERROR    | TrackSeeker.music_recognition:MusicRecognitionError:25 - Can't recognize audio file in database
2023-07-23 02:03:44.265 | ERROR    | TrackSeeker.music_recognition:MusicUploadError:30 - Can't upload audio file to database
2023-07-23 02:03:44.273 | ERROR    | TrackSeeker.music_recognition:MusicDeleteError:35 - Can't delete audio file from database
2023-07-23 02:03:49.234 | DEBUG    | TrackSeeker.music_recognition:MusicError:19 - Debug info: Bucket ID: 20149
2023-07-23 02:03:49.246 | ERROR    | TrackSeeker.music_recognition:MusicRecognitionError:25 - Can't recognize audio file in database
2023-07-23 02:03:49.251 | ERROR    | TrackSeeker.music_recognition:MusicUploadError:30 - Can't upload audio file to database
2023-07-23 02:03:49.263 | ERROR    | TrackSeeker.music_recognition:MusicDeleteError:35 - Can't delete audio file from database
2023-07-23 02:04:09.251 | DEBUG    | TrackSeeker.music_recognition:MusicError:19 - Debug info: Bucket ID: 20149
2023-07-23 02:04:09.263 | ERROR    | TrackSeeker.music_recognition:MusicRecognitionError:25 - Can't recognize audio file in database
2023-07-23 02:04:09.269 | ERROR    | TrackSeeker.music_recognition:MusicUploadError:30 - Can't upload audio file to database
2023-07-23 02:04:09.277 | ERROR    | TrackSeeker.music_recognition:MusicDeleteError:35 - Can't delete audio file from database
2023-07-23 02:09:45.651 | DEBUG    | TrackSeeker.music_recognition:MusicError:19 - Debug info: Bucket ID: 20149
2023-07-23 02:09:45.661 | ERROR    | TrackSeeker.music_recognition:MusicRecognitionError:25 - Can't recognize audio file in database
2023-07-23 02:09:45.687 | ERROR    | TrackSeeker.music_recognition:MusicUploadError:30 - Can't upload audio file to database
2023-07-23 02:09:45.695 | ERROR    | TrackSeeker.music_recognition:MusicDeleteError:35 - Can't delete audio file from database
2023-07-23 02:11:02.380 | DEBUG    | TrackSeeker.music_recognition:MusicError:19 - Debug info: Bucket ID: 20149
2023-07-23 02:11:02.389 | ERROR    | TrackSeeker.music_recognition:MusicRecognitionError:25 - Can't recognize audio file in database
2023-07-23 02:11:02.396 | ERROR    | TrackSeeker.music_recognition:MusicUploadError:30 - Can't upload audio file to database
2023-07-23 02:11:02.403 | ERROR    | TrackSeeker.music_recognition:MusicDeleteError:35 - Can't delete audio file from database
2023-07-23 02:14:58.995 | DEBUG    | TrackSeeker.music_recognition:MusicError:19 - Debug info: Bucket ID: 20149
2023-07-23 02:14:59.108 | ERROR    | TrackSeeker.music_recognition:MusicRecognitionError:25 - Can't recognize audio file in database
2023-07-23 02:14:59.424 | ERROR    | TrackSeeker.music_recognition:MusicUploadError:30 - Can't upload audio file to database
2023-07-23 02:14:59.522 | ERROR    | TrackSeeker.music_recognition:MusicDeleteError:35 - Can't delete audio file from database
2023-07-23 02:18:39.804 | DEBUG    | TrackSeeker.music_recognition:MusicError:19 - Debug info: Bucket ID: 20149
2023-07-23 02:18:39.813 | ERROR    | TrackSeeker.music_recognition:MusicRecognitionError:25 - Can't recognize audio file in database
2023-07-23 02:18:39.819 | ERROR    | TrackSeeker.music_recognition:MusicUploadError:30 - Can't upload audio file to database
2023-07-23 02:18:39.832 | ERROR    | TrackSeeker.music_recognition:MusicDeleteError:35 - Can't delete audio file from database
2023-07-23 02:18:42.666 | DEBUG    | TrackSeeker.music_recognition:MusicError:19 - Debug info: Bucket ID: 20149
2023-07-23 02:18:42.676 | ERROR    | TrackSeeker.music_recognition:MusicRecognitionError:25 - Can't recognize audio file in database
2023-07-23 02:18:42.708 | ERROR    | TrackSeeker.music_recognition:MusicUploadError:30 - Can't upload audio file to database
2023-07-23 02:18:42.714 | ERROR    | TrackSeeker.music_recognition:MusicDeleteError:35 - Can't delete audio file from database
2023-07-23 02:19:47.557 | DEBUG    | TrackSeeker.music_recognition:MusicError:19 - Debug info: Bucket ID: 20149
2023-07-23 02:19:47.566 | ERROR    | TrackSeeker.music_recognition:MusicRecognitionError:25 - Can't recognize audio file in database
2023-07-23 02:19:47.576 | ERROR    | TrackSeeker.music_recognition:MusicUploadError:30 - Can't upload audio file to database
2023-07-23 02:19:47.592 | ERROR    | TrackSeeker.music_recognition:MusicDeleteError:35 - Can't delete audio file from database
2023-07-23 02:22:53.874 | DEBUG    | TrackSeeker.music_recognition:MusicError:19 - Debug info: Bucket ID: 20149
2023-07-23 02:22:53.885 | ERROR    | TrackSeeker.music_recognition:MusicRecognitionError:25 - Can't recognize audio file in database
2023-07-23 02:22:53.890 | ERROR    | TrackSeeker.music_recognition:MusicUploadError:30 - Can't upload audio file to database
2023-07-23 02:22:53.901 | ERROR    | TrackSeeker.music_recognition:MusicDeleteError:35 - Can't delete audio file from database
2023-07-23 02:23:15.824 | DEBUG    | TrackSeeker.music_recognition:MusicError:19 - Debug info: Bucket ID: 20149
2023-07-23 02:23:15.832 | ERROR    | TrackSeeker.music_recognition:MusicRecognitionError:25 - Can't recognize audio file in database
2023-07-23 02:23:15.839 | ERROR    | TrackSeeker.music_recognition:MusicUploadError:30 - Can't upload audio file to database
2023-07-23 02:23:15.843 | ERROR    | TrackSeeker.music_recognition:MusicDeleteError:35 - Can't delete audio file from database
2023-07-23 02:23:39.132 | DEBUG    | TrackSeeker.music_recognition:MusicError:19 - Debug info: Bucket ID: 20149
2023-07-23 02:23:39.144 | ERROR    | TrackSeeker.music_recognition:MusicRecognitionError:25 - Can't recognize audio file in database
2023-07-23 02:23:39.149 | ERROR    | TrackSeeker.music_recognition:MusicUploadError:30 - Can't upload audio file to database
2023-07-23 02:23:39.183 | ERROR    | TrackSeeker.music_recognition:MusicDeleteError:35 - Can't delete audio file from database
2023-07-23 02:24:05.880 | DEBUG    | TrackSeeker.music_recognition:MusicError:19 - Debug info: Bucket ID: 20149
2023-07-23 02:24:05.891 | ERROR    | TrackSeeker.music_recognition:MusicRecognitionError:25 - Can't recognize audio file in database
2023-07-23 02:24:05.896 | ERROR    | TrackSeeker.music_recognition:MusicUploadError:30 - Can't upload audio file to database
2023-07-23 02:24:05.909 | ERROR    | TrackSeeker.music_recognition:MusicDeleteError:35 - Can't delete audio file from database
2023-07-23 02:24:32.942 | DEBUG    | TrackSeeker.music_recognition:MusicError:19 - Debug info: Bucket ID: 20149
2023-07-23 02:24:32.952 | ERROR    | TrackSeeker.music_recognition:MusicRecognitionError:25 - Can't recognize audio file in database
2023-07-23 02:24:32.958 | ERROR    | TrackSeeker.music_recognition:MusicUploadError:30 - Can't upload audio file to database
2023-07-23 02:24:32.975 | ERROR    | TrackSeeker.music_recognition:MusicDeleteError:35 - Can't delete audio file from database
2023-07-23 02:30:59.576 | DEBUG    | TrackSeeker.music_recognition:MusicError:19 - Debug info: Bucket ID: 20149
2023-07-23 02:30:59.591 | ERROR    | TrackSeeker.music_recognition:MusicRecognitionError:25 - Can't recognize audio file in database
2023-07-23 02:30:59.598 | ERROR    | TrackSeeker.music_recognition:MusicUploadError:30 - Can't upload audio file to database
2023-07-23 02:30:59.615 | ERROR    | TrackSeeker.music_recognition:MusicDeleteError:35 - Can't delete audio file from database
2023-07-23 02:31:02.760 | DEBUG    | TrackSeeker.music_recognition:MusicError:19 - Debug info: Bucket ID: 20149
2023-07-23 02:31:02.771 | ERROR    | TrackSeeker.music_recognition:MusicRecognitionError:25 - Can't recognize audio file in database
2023-07-23 02:31:02.790 | ERROR    | TrackSeeker.music_recognition:MusicUploadError:30 - Can't upload audio file to database
2023-07-23 02:31:02.798 | ERROR    | TrackSeeker.music_recognition:MusicDeleteError:35 - Can't delete audio file from database
2023-07-23 02:32:30.185 | DEBUG    | TrackSeeker.music_recognition:MusicError:19 - Debug info: Bucket ID: 20149
2023-07-23 02:32:30.194 | ERROR    | TrackSeeker.music_recognition:MusicRecognitionError:25 - Can't recognize audio file in database
2023-07-23 02:32:30.199 | ERROR    | TrackSeeker.music_recognition:MusicUploadError:30 - Can't upload audio file to database
2023-07-23 02:32:30.228 | ERROR    | TrackSeeker.music_recognition:MusicDeleteError:35 - Can't delete audio file from database
2023-07-23 02:35:16.268 | DEBUG    | TrackSeeker.music_recognition:MusicError:19 - Debug info: Bucket ID: 20149
2023-07-23 02:35:16.279 | ERROR    | TrackSeeker.music_recognition:MusicRecognitionError:25 - Can't recognize audio file in database
2023-07-23 02:35:16.308 | ERROR    | TrackSeeker.music_recognition:MusicUploadError:30 - Can't upload audio file to database
2023-07-23 02:35:16.326 | ERROR    | TrackSeeker.music_recognition:MusicDeleteError:35 - Can't delete audio file from database
2023-07-23 02:35:21.342 | DEBUG    | TrackSeeker.music_recognition:MusicError:19 - Debug info: Bucket ID: 20149
2023-07-23 02:35:21.354 | ERROR    | TrackSeeker.music_recognition:MusicRecognitionError:25 - Can't recognize audio file in database
2023-07-23 02:35:21.361 | ERROR    | TrackSeeker.music_recognition:MusicUploadError:30 - Can't upload audio file to database
2023-07-23 02:35:21.372 | ERROR    | TrackSeeker.music_recognition:MusicDeleteError:35 - Can't delete audio file from database
2023-07-23 02:35:42.626 | INFO     | TrackSeeker.instagram_bot:download_user_stories_as_videos:135 - User has no stoies
2023-07-23 02:37:10.208 | INFO     | TrackSeeker.music_recognition:recognize:55 - Recognising file in C:\Users\Shaked\Desktop\Shaked\Electronics\Python learning\2022+\TrackSeeker\instagram_bot_media\3152814008771177457_60488255066.mp3
2023-07-23 02:37:11.736 | INFO     | TrackSeeker.music_recognition:recognize:58 - Done recognising file in C:\Users\Shaked\Desktop\Shaked\Electronics\Python learning\2022+\TrackSeeker\instagram_bot_media\3152814008771177457_60488255066.mp3
2023-07-23 02:37:11.742 | DEBUG    | TrackSeeker.music_recognition:recognize:59 - Recognition answer: {'cost_time': 0.072999954223633, 'status': {'code': 0, 'msg': 'Success', 'version': '1.0'}, 'result_type': 0, 'metadata': {'custom_files': [{'db_begin_time_offset_ms': 72480, 'db_end_time_offset_ms': 81300, 'sample_begin_time_offset_ms': 0, 'sample_end_time_offset_ms': 8820, 'play_offset_ms': 81720, 'title': 'intro + sound the system', 'album': 'Single', 'acrid': 'c1ffff24c42d578d4b6e1442036e6107', 'bucket_id': '20149', 'duration_ms': 732000, 'artist': 'Jenja & The Band', 'score': 100}], 'timestamp_utc': '2023-07-22 23:37:13'}}
2023-07-23 02:43:16.327 | INFO     | TrackSeeker.music_recognition:recognize:55 - Recognising file in C:\Users\Shaked\Desktop\Shaked\Electronics\Python learning\2022+\TrackSeeker\instagram_bot_media\3152814008771177457_60488255066.mp3
2023-07-23 02:43:17.347 | INFO     | TrackSeeker.music_recognition:recognize:58 - Done recognising file in C:\Users\Shaked\Desktop\Shaked\Electronics\Python learning\2022+\TrackSeeker\instagram_bot_media\3152814008771177457_60488255066.mp3
2023-07-23 02:43:17.356 | DEBUG    | TrackSeeker.music_recognition:recognize:59 - Recognition answer: {'cost_time': 0.042999982833862, 'metadata': {'timestamp_utc': '2023-07-22 23:43:18', 'custom_files': [{'score': 100, 'artist': 'Jenja & The Band', 'acrid': 'c1ffff24c42d578d4b6e1442036e6107', 'album': 'Single', 'db_begin_time_offset_ms': 72480, 'db_end_time_offset_ms': 81300, 'sample_begin_time_offset_ms': 0, 'sample_end_time_offset_ms': 8820, 'play_offset_ms': 81720, 'title': 'intro + sound the system', 'bucket_id': '20149', 'duration_ms': 732000}]}, 'status': {'code': 0, 'msg': 'Success', 'version': '1.0'}, 'result_type': 0}
2023-07-23 02:44:12.232 | INFO     | TrackSeeker.music_recognition:recognize:55 - Recognising file in C:\Users\Shaked\Desktop\Shaked\Electronics\Python learning\2022+\TrackSeeker\instagram_bot_media\3152814008771177457_60488255066.mp3
2023-07-23 02:44:13.103 | INFO     | TrackSeeker.music_recognition:recognize:58 - Done recognising file in C:\Users\Shaked\Desktop\Shaked\Electronics\Python learning\2022+\TrackSeeker\instagram_bot_media\3152814008771177457_60488255066.mp3
2023-07-23 02:44:13.110 | DEBUG    | TrackSeeker.music_recognition:recognize:59 - Recognition answer: {'cost_time': 0.039999961853027, 'metadata': {'timestamp_utc': '2023-07-22 23:44:14', 'custom_files': [{'score': 100, 'bucket_id': '20149', 'acrid': 'c1ffff24c42d578d4b6e1442036e6107', 'album': 'Single', 'db_begin_time_offset_ms': 72480, 'db_end_time_offset_ms': 81300, 'sample_begin_time_offset_ms': 0, 'sample_end_time_offset_ms': 8820, 'play_offset_ms': 81720, 'title': 'intro + sound the system', 'artist': 'Jenja & The Band', 'duration_ms': 732000}]}, 'status': {'code': 0, 'msg': 'Success', 'version': '1.0'}, 'result_type': 0}
2023-07-23 02:46:00.610 | INFO     | TrackSeeker.music_recognition:recognize:55 - Recognising file in C:\Users\Shaked\Desktop\Shaked\Electronics\Python learning\2022+\TrackSeeker\instagram_bot_media\3152814008771177457_60488255066.mp3
2023-07-23 02:46:03.423 | INFO     | TrackSeeker.music_recognition:recognize:58 - Done recognising file in C:\Users\Shaked\Desktop\Shaked\Electronics\Python learning\2022+\TrackSeeker\instagram_bot_media\3152814008771177457_60488255066.mp3
2023-07-23 02:46:03.437 | DEBUG    | TrackSeeker.music_recognition:recognize:59 - Recognition answer: {'cost_time': 0.27800011634827, 'metadata': {'timestamp_utc': '2023-07-22 23:46:04', 'custom_files': [{'artist': 'Jenja & The Band', 'score': 100, 'bucket_id': '20149', 'acrid': 'c1ffff24c42d578d4b6e1442036e6107', 'album': 'Single', 'db_begin_time_offset_ms': 72480, 'db_end_time_offset_ms': 81300, 'sample_begin_time_offset_ms': 0, 'sample_end_time_offset_ms': 8820, 'play_offset_ms': 81720, 'title': 'intro + sound the system', 'duration_ms': 732000}]}, 'status': {'code': 0, 'msg': 'Success', 'version': '1.0'}, 'result_type': 0}
2023-07-23 02:53:51.657 | INFO     | TrackSeeker.music_recognition:recognize:55 - Recognising file in C:\Users\Shaked\Desktop\Shaked\Electronics\Python learning\2022+\TrackSeeker\instagram_bot_media\3152814008771177457_60488255066.mp3
2023-07-23 02:53:53.225 | INFO     | TrackSeeker.music_recognition:recognize:58 - Done recognising file in C:\Users\Shaked\Desktop\Shaked\Electronics\Python learning\2022+\TrackSeeker\instagram_bot_media\3152814008771177457_60488255066.mp3
2023-07-23 02:53:53.234 | DEBUG    | TrackSeeker.music_recognition:recognize:59 - Recognition answer: {'result_type': 0, 'status': {'msg': 'Success', 'code': 0, 'version': '1.0'}, 'cost_time': 0.057000160217285, 'metadata': {'custom_files': [{'acrid': 'c1ffff24c42d578d4b6e1442036e6107', 'db_end_time_offset_ms': 81300, 'sample_begin_time_offset_ms': 0, 'score': 100, 'play_offset_ms': 81720, 'title': 'intro + sound the system', 'db_begin_time_offset_ms': 72480, 'album': 'Single', 'sample_end_time_offset_ms': 8820, 'artist': 'Jenja & The Band', 'bucket_id': '20149', 'duration_ms': 732000}], 'timestamp_utc': '2023-07-22 23:53:54'}}
2023-07-23 03:00:31.955 | INFO     | TrackSeeker.music_recognition:recognize:55 - Recognising file in C:\Users\Shaked\Desktop\Shaked\Electronics\Python learning\2022+\TrackSeeker\instagram_bot_media\3152814008771177457_60488255066.mp3
2023-07-23 03:00:33.814 | INFO     | TrackSeeker.music_recognition:recognize:58 - Done recognising file in C:\Users\Shaked\Desktop\Shaked\Electronics\Python learning\2022+\TrackSeeker\instagram_bot_media\3152814008771177457_60488255066.mp3
2023-07-23 03:00:33.855 | DEBUG    | TrackSeeker.music_recognition:recognize:59 - Recognition answer: {'result_type': 0, 'status': {'msg': 'Success', 'code': 0, 'version': '1.0'}, 'cost_time': 0.040999889373779, 'metadata': {'custom_files': [{'acrid': 'c1ffff24c42d578d4b6e1442036e6107', 'db_end_time_offset_ms': 81300, 'sample_begin_time_offset_ms': 0, 'score': 100, 'play_offset_ms': 81720, 'sample_end_time_offset_ms': 8820, 'title': 'intro + sound the system', 'bucket_id': '20149', 'album': 'Single', 'db_begin_time_offset_ms': 72480, 'artist': 'Jenja & The Band', 'duration_ms': 732000}], 'timestamp_utc': '2023-07-23 00:00:35'}}
2023-07-23 03:13:45.339 | INFO     | TrackSeeker.music_recognition:recognize:55 - Recognising file in C:\Users\Shaked\Desktop\Shaked\Electronics\Python learning\2022+\TrackSeeker\instagram_bot_media\3152814008771177457_60488255066.mp3
2023-07-23 03:13:46.479 | INFO     | TrackSeeker.music_recognition:recognize:58 - Done recognising file in C:\Users\Shaked\Desktop\Shaked\Electronics\Python learning\2022+\TrackSeeker\instagram_bot_media\3152814008771177457_60488255066.mp3
2023-07-23 03:13:46.485 | DEBUG    | TrackSeeker.music_recognition:recognize:59 - Recognition answer: {'metadata': {'timestamp_utc': '2023-07-23 00:13:47', 'custom_files': [{'score': 100, 'bucket_id': '20149', 'acrid': 'c1ffff24c42d578d4b6e1442036e6107', 'album': 'Single', 'db_begin_time_offset_ms': 72480, 'db_end_time_offset_ms': 81300, 'sample_begin_time_offset_ms': 0, 'sample_end_time_offset_ms': 8820, 'play_offset_ms': 81720, 'artist': 'Jenja & The Band', 'title': 'intro + sound the system', 'duration_ms': 732000}]}, 'cost_time': 0.039000034332275, 'status': {'code': 0, 'msg': 'Success', 'version': '1.0'}, 'result_type': 0}
2023-07-23 03:22:17.792 | INFO     | TrackSeeker.music_recognition:recognize:55 - Recognising file in C:\Users\Shaked\Desktop\Shaked\Electronics\Python learning\2022+\TrackSeeker\instagram_bot_media\3152814008771177457_60488255066.mp3
2023-07-23 03:22:18.793 | INFO     | TrackSeeker.music_recognition:recognize:58 - Done recognising file in C:\Users\Shaked\Desktop\Shaked\Electronics\Python learning\2022+\TrackSeeker\instagram_bot_media\3152814008771177457_60488255066.mp3
2023-07-23 03:22:18.810 | DEBUG    | TrackSeeker.music_recognition:recognize:59 - Recognition answer: {'result_type': 0, 'status': {'msg': 'Success', 'code': 0, 'version': '1.0'}, 'cost_time': 0.039999961853027, 'metadata': {'custom_files': [{'artist': 'Jenja & The Band', 'acrid': 'c1ffff24c42d578d4b6e1442036e6107', 'db_end_time_offset_ms': 81300, 'sample_begin_time_offset_ms': 0, 'score': 100, 'play_offset_ms': 81720, 'title': 'intro + sound the system', 'sample_end_time_offset_ms': 8820, 'album': 'Single', 'db_begin_time_offset_ms': 72480, 'bucket_id': '20149', 'duration_ms': 732000}], 'timestamp_utc': '2023-07-23 00:22:20'}}
2023-07-23 03:29:29.023 | INFO     | TrackSeeker.music_recognition:recognize:55 - Recognising file in C:\Users\Shaked\Desktop\Shaked\Electronics\Python learning\2022+\TrackSeeker\instagram_bot_media\3152814008771177457_60488255066.mp3
2023-07-23 03:29:30.182 | INFO     | TrackSeeker.music_recognition:recognize:58 - Done recognising file in C:\Users\Shaked\Desktop\Shaked\Electronics\Python learning\2022+\TrackSeeker\instagram_bot_media\3152814008771177457_60488255066.mp3
2023-07-23 03:29:30.188 | DEBUG    | TrackSeeker.music_recognition:recognize:59 - Recognition answer: {'cost_time': 0.046000003814697, 'metadata': {'timestamp_utc': '2023-07-23 00:29:31', 'custom_files': [{'score': 100, 'bucket_id': '20149', 'acrid': 'c1ffff24c42d578d4b6e1442036e6107', 'album': 'Single', 'db_begin_time_offset_ms': 72480, 'db_end_time_offset_ms': 81300, 'sample_begin_time_offset_ms': 0, 'sample_end_time_offset_ms': 8820, 'play_offset_ms': 81720, 'title': 'intro + sound the system', 'artist': 'Jenja & The Band', 'duration_ms': 732000}]}, 'status': {'code': 0, 'msg': 'Success', 'version': '1.0'}, 'result_type': 0}
2023-07-23 03:32:47.024 | DEBUG    | music_recognition:MusicError:19 - Debug info: Bucket ID: 20149
2023-07-23 03:32:47.033 | ERROR    | music_recognition:MusicRecognitionError:25 - Can't recognize audio file in database
2023-07-23 03:32:47.039 | ERROR    | music_recognition:MusicUploadError:30 - Can't upload audio file to database
2023-07-23 03:32:47.044 | ERROR    | music_recognition:MusicDeleteError:35 - Can't delete audio file from database
2023-07-23 03:33:23.487 | INFO     | music_recognition:recognize:55 - Recognising file in C:\Users\Shaked\Desktop\Shaked\Electronics\Python learning\2022+\TrackSeeker\instagram_bot_media\3152814008771177457_60488255066.mp3
2023-07-23 03:33:24.753 | INFO     | music_recognition:recognize:58 - Done recognising file in C:\Users\Shaked\Desktop\Shaked\Electronics\Python learning\2022+\TrackSeeker\instagram_bot_media\3152814008771177457_60488255066.mp3
2023-07-23 03:33:24.761 | DEBUG    | music_recognition:recognize:59 - Recognition answer: {'result_type': 0, 'status': {'msg': 'Success', 'code': 0, 'version': '1.0'}, 'cost_time': 0.055000066757202, 'metadata': {'custom_files': [{'acrid': 'c1ffff24c42d578d4b6e1442036e6107', 'db_end_time_offset_ms': 81300, 'sample_begin_time_offset_ms': 0, 'score': 100, 'play_offset_ms': 81720, 'sample_end_time_offset_ms': 8820, 'title': 'intro + sound the system', 'db_begin_time_offset_ms': 72480, 'album': 'Single', 'artist': 'Jenja & The Band', 'bucket_id': '20149', 'duration_ms': 732000}], 'timestamp_utc': '2023-07-23 00:33:26'}}
2023-07-23 03:40:14.141 | INFO     | music_recognition:recognize:55 - Recognising file in C:\Users\Shaked\Desktop\Shaked\Electronics\Python learning\2022+\TrackSeeker\instagram_bot_media\3152814008771177457_60488255066.mp3
2023-07-23 03:40:15.552 | INFO     | music_recognition:recognize:58 - Done recognising file in C:\Users\Shaked\Desktop\Shaked\Electronics\Python learning\2022+\TrackSeeker\instagram_bot_media\3152814008771177457_60488255066.mp3
2023-07-23 03:40:15.559 | DEBUG    | music_recognition:recognize:59 - Recognition answer: {'result_type': 0, 'status': {'msg': 'Success', 'code': 0, 'version': '1.0'}, 'cost_time': 0.045000076293945, 'metadata': {'custom_files': [{'acrid': 'c1ffff24c42d578d4b6e1442036e6107', 'db_end_time_offset_ms': 81300, 'sample_begin_time_offset_ms': 0, 'score': 100, 'play_offset_ms': 81720, 'sample_end_time_offset_ms': 8820, 'artist': 'Jenja & The Band', 'title': 'intro + sound the system', 'album': 'Single', 'db_begin_time_offset_ms': 72480, 'bucket_id': '20149', 'duration_ms': 732000}], 'timestamp_utc': '2023-07-23 00:40:17'}}
2023-07-23 03:40:15.566 | INFO     | music_recognition:recognize:55 - Recognising file in C:\Users\Shaked\Desktop\Shaked\Electronics\Python learning\2022+\TrackSeeker\instagram_bot_media\3152871737777998879_60488255066.mp3
2023-07-23 03:40:16.573 | INFO     | music_recognition:recognize:58 - Done recognising file in C:\Users\Shaked\Desktop\Shaked\Electronics\Python learning\2022+\TrackSeeker\instagram_bot_media\3152871737777998879_60488255066.mp3
2023-07-23 03:40:16.580 | DEBUG    | music_recognition:recognize:59 - Recognition answer: {'result_type': 0, 'cost_time': 0.026999950408936, 'status': {'version': '1.0', 'code': 0, 'msg': 'Success'}, 'metadata': {'custom_files': [{'bucket_id': '20149', 'duration_ms': 294228, 'score': 100, 'album': 'Thriller', 'db_begin_time_offset_ms': 9840, 'db_end_time_offset_ms': 18080, 'sample_begin_time_offset_ms': 0, 'sample_end_time_offset_ms': 8240, 'play_offset_ms': 19100, 'artist': 'Michael Jackson', 'acrid': '3292eb95fbec1fc7137f53bb25361ef1', 'title': 'Billie Jean'}], 'timestamp_utc': '2023-07-23 00:40:18'}}
2023-07-23 03:40:16.586 | INFO     | music_recognition:recognize:55 - Recognising file in C:\Users\Shaked\Desktop\Shaked\Electronics\Python learning\2022+\TrackSeeker\instagram_bot_media\3152875455474870559_60488255066.mp3
2023-07-23 03:40:17.364 | INFO     | music_recognition:recognize:58 - Done recognising file in C:\Users\Shaked\Desktop\Shaked\Electronics\Python learning\2022+\TrackSeeker\instagram_bot_media\3152875455474870559_60488255066.mp3
2023-07-23 03:40:17.371 | DEBUG    | music_recognition:recognize:59 - Recognition answer: {'result_type': 0, 'cost_time': 0.02400016784668, 'status': {'version': '1.0', 'code': 0, 'msg': 'Success'}, 'metadata': {'custom_files': [{'bucket_id': '20149', 'artist': 'Adam Ten', 'score': 100, 'title': 'Nicolas Masseyeff & Parallelle - Renegade (Adam Ten & Mita Gami Remix)', 'db_begin_time_offset_ms': 53100, 'db_end_time_offset_ms': 62180, 'sample_begin_time_offset_ms': 0, 'sample_end_time_offset_ms': 9080, 'play_offset_ms': 62260, 'duration_ms': 333722, 'acrid': 'bcaee3f9c6cb373a5e45c463260d1c3a', 'album': 'Single'}], 'timestamp_utc': '2023-07-23 00:40:18'}}
2023-07-23 03:42:13.008 | DEBUG    | TrackSeeker.music_recognition:MusicError:19 - Debug info: Bucket ID: 20149
2023-07-23 03:42:13.017 | ERROR    | TrackSeeker.music_recognition:MusicRecognitionError:25 - Can't recognize audio file in database
2023-07-23 03:42:13.025 | ERROR    | TrackSeeker.music_recognition:MusicUploadError:30 - Can't upload audio file to database
2023-07-23 03:42:13.030 | ERROR    | TrackSeeker.music_recognition:MusicDeleteError:35 - Can't delete audio file from database
2023-07-23 03:42:55.214 | INFO     | TrackSeeker.music_recognition:recognize:55 - Recognising file in C:\Users\Shaked\Desktop\Shaked\Electronics\Python learning\2022+\TrackSeeker\instagram_bot_media\3152814008771177457_60488255066.mp3
2023-07-23 03:42:56.372 | INFO     | TrackSeeker.music_recognition:recognize:58 - Done recognising file in C:\Users\Shaked\Desktop\Shaked\Electronics\Python learning\2022+\TrackSeeker\instagram_bot_media\3152814008771177457_60488255066.mp3
2023-07-23 03:42:56.379 | DEBUG    | TrackSeeker.music_recognition:recognize:59 - Recognition answer: {'result_type': 0, 'cost_time': 0.042999982833862, 'status': {'version': '1.0', 'code': 0, 'msg': 'Success'}, 'metadata': {'custom_files': [{'bucket_id': '20149', 'duration_ms': 732000, 'score': 100, 'title': 'intro + sound the system', 'db_begin_time_offset_ms': 72480, 'db_end_time_offset_ms': 81300, 'sample_begin_time_offset_ms': 0, 'sample_end_time_offset_ms': 8820, 'play_offset_ms': 81720, 'album': 'Single', 'acrid': 'c1ffff24c42d578d4b6e1442036e6107', 'artist': 'Jenja & The Band'}], 'timestamp_utc': '2023-07-23 00:42:57'}}
2023-07-23 03:45:41.310 | DEBUG    | TrackSeeker.music_recognition:MusicError:19 - Debug info: Bucket ID: 20149
2023-07-23 03:45:41.320 | ERROR    | TrackSeeker.music_recognition:MusicRecognitionError:25 - Can't recognize audio file in database
2023-07-23 03:45:41.325 | ERROR    | TrackSeeker.music_recognition:MusicUploadError:30 - Can't upload audio file to database
2023-07-23 03:45:41.349 | ERROR    | TrackSeeker.music_recognition:MusicDeleteError:35 - Can't delete audio file from database
2023-07-23 03:46:47.469 | INFO     | TrackSeeker.music_recognition:recognize:55 - Recognising file in C:\Users\Shaked\Desktop\Shaked\Electronics\Python learning\2022+\TrackSeeker\instagram_bot_media\3152814008771177457_60488255066.mp3
2023-07-23 03:46:48.814 | INFO     | TrackSeeker.music_recognition:recognize:58 - Done recognising file in C:\Users\Shaked\Desktop\Shaked\Electronics\Python learning\2022+\TrackSeeker\instagram_bot_media\3152814008771177457_60488255066.mp3
2023-07-23 03:46:48.820 | DEBUG    | TrackSeeker.music_recognition:recognize:59 - Recognition answer: {'cost_time': 0.039000034332275, 'metadata': {'timestamp_utc': '2023-07-23 00:46:50', 'custom_files': [{'artist': 'Jenja & The Band', 'score': 100, 'bucket_id': '20149', 'acrid': 'c1ffff24c42d578d4b6e1442036e6107', 'album': 'Single', 'db_begin_time_offset_ms': 72480, 'db_end_time_offset_ms': 81300, 'sample_begin_time_offset_ms': 0, 'sample_end_time_offset_ms': 8820, 'play_offset_ms': 81720, 'title': 'intro + sound the system', 'duration_ms': 732000}]}, 'status': {'code': 0, 'msg': 'Success', 'version': '1.0'}, 'result_type': 0}
2023-07-23 03:48:04.306 | DEBUG    | TrackSeeker.music_recognition:MusicError:19 - Debug info: Bucket ID: 20149
2023-07-23 03:48:04.315 | ERROR    | TrackSeeker.music_recognition:MusicRecognitionError:25 - Can't recognize audio file in database
2023-07-23 03:48:04.321 | ERROR    | TrackSeeker.music_recognition:MusicUploadError:30 - Can't upload audio file to database
2023-07-23 03:48:04.331 | ERROR    | TrackSeeker.music_recognition:MusicDeleteError:35 - Can't delete audio file from database
2023-07-23 03:48:31.284 | INFO     | TrackSeeker.music_recognition:recognize:55 - Recognising file in C:\Users\Shaked\Desktop\Shaked\Electronics\Python learning\2022+\TrackSeeker\instagram_bot_media\3152814008771177457_60488255066.mp3
2023-07-23 03:48:32.378 | INFO     | TrackSeeker.music_recognition:recognize:58 - Done recognising file in C:\Users\Shaked\Desktop\Shaked\Electronics\Python learning\2022+\TrackSeeker\instagram_bot_media\3152814008771177457_60488255066.mp3
2023-07-23 03:48:32.384 | DEBUG    | TrackSeeker.music_recognition:recognize:59 - Recognition answer: {'metadata': {'timestamp_utc': '2023-07-23 00:48:33', 'custom_files': [{'artist': 'Jenja & The Band', 'score': 100, 'bucket_id': '20149', 'acrid': 'c1ffff24c42d578d4b6e1442036e6107', 'album': 'Single', 'db_begin_time_offset_ms': 72480, 'db_end_time_offset_ms': 81300, 'sample_begin_time_offset_ms': 0, 'sample_end_time_offset_ms': 8820, 'play_offset_ms': 81720, 'title': 'intro + sound the system', 'duration_ms': 732000}]}, 'cost_time': 0.042999982833862, 'status': {'code': 0, 'msg': 'Success', 'version': '1.0'}, 'result_type': 0}
2023-07-23 03:48:32.391 | INFO     | TrackSeeker.music_recognition:recognize:55 - Recognising file in C:\Users\Shaked\Desktop\Shaked\Electronics\Python learning\2022+\TrackSeeker\instagram_bot_media\3152871737777998879_60488255066.mp3
2023-07-23 03:48:33.312 | INFO     | TrackSeeker.music_recognition:recognize:58 - Done recognising file in C:\Users\Shaked\Desktop\Shaked\Electronics\Python learning\2022+\TrackSeeker\instagram_bot_media\3152871737777998879_60488255066.mp3
2023-07-23 03:48:33.319 | DEBUG    | TrackSeeker.music_recognition:recognize:59 - Recognition answer: {'metadata': {'timestamp_utc': '2023-07-23 00:48:34', 'custom_files': [{'score': 100, 'bucket_id': '20149', 'acrid': '3292eb95fbec1fc7137f53bb25361ef1', 'album': 'Thriller', 'db_begin_time_offset_ms': 9840, 'db_end_time_offset_ms': 18080, 'sample_begin_time_offset_ms': 0, 'sample_end_time_offset_ms': 8240, 'play_offset_ms': 19100, 'duration_ms': 294228, 'artist': 'Michael Jackson', 'title': 'Billie Jean'}]}, 'cost_time': 0.02400016784668, 'status': {'code': 0, 'msg': 'Success', 'version': '1.0'}, 'result_type': 0}
2023-07-23 03:48:33.326 | INFO     | TrackSeeker.music_recognition:recognize:55 - Recognising file in C:\Users\Shaked\Desktop\Shaked\Electronics\Python learning\2022+\TrackSeeker\instagram_bot_media\3152875455474870559_60488255066.mp3
2023-07-23 03:48:34.293 | INFO     | TrackSeeker.music_recognition:recognize:58 - Done recognising file in C:\Users\Shaked\Desktop\Shaked\Electronics\Python learning\2022+\TrackSeeker\instagram_bot_media\3152875455474870559_60488255066.mp3
2023-07-23 03:48:34.299 | DEBUG    | TrackSeeker.music_recognition:recognize:59 - Recognition answer: {'result_type': 0, 'status': {'msg': 'Success', 'code': 0, 'version': '1.0'}, 'cost_time': 0.023000001907349, 'metadata': {'custom_files': [{'artist': 'Adam Ten', 'acrid': 'bcaee3f9c6cb373a5e45c463260d1c3a', 'db_end_time_offset_ms': 62180, 'sample_begin_time_offset_ms': 0, 'score': 100, 'play_offset_ms': 62260, 'title': 'Nicolas Masseyeff & Parallelle - Renegade (Adam Ten & Mita Gami Remix)', 'sample_end_time_offset_ms': 9080, 'album': 'Single', 'db_begin_time_offset_ms': 53100, 'bucket_id': '20149', 'duration_ms': 333722}], 'timestamp_utc': '2023-07-23 00:48:35'}}
2023-07-23 15:22:14.713 | DEBUG    | TrackSeeker.music_recognition:MusicError:19 - Debug info: Bucket ID: 20149
2023-07-23 15:22:14.730 | ERROR    | TrackSeeker.music_recognition:MusicRecognitionError:25 - Can't recognize audio file in database
2023-07-23 15:22:14.748 | ERROR    | TrackSeeker.music_recognition:MusicUploadError:30 - Can't upload audio file to database
2023-07-23 15:22:14.773 | ERROR    | TrackSeeker.music_recognition:MusicDeleteError:35 - Can't delete audio file from database
2023-07-23 15:22:18.947 | DEBUG    | TrackSeeker.music_recognition:MusicError:19 - Debug info: Bucket ID: 20149
2023-07-23 15:22:19.223 | ERROR    | TrackSeeker.music_recognition:MusicRecognitionError:25 - Can't recognize audio file in database
2023-07-23 15:22:19.275 | ERROR    | TrackSeeker.music_recognition:MusicUploadError:30 - Can't upload audio file to database
2023-07-23 15:22:19.328 | ERROR    | TrackSeeker.music_recognition:MusicDeleteError:35 - Can't delete audio file from database
2023-07-23 15:26:00.973 | INFO     | TrackSeeker.music_recognition:recognize:55 - Recognising file in C:\Users\Shaked\Desktop\Shaked\Electronics\Python learning\2022+\TrackSeeker\instagram_bot_media\3152814008771177457_60488255066.mp3
2023-07-23 15:26:02.074 | INFO     | TrackSeeker.music_recognition:recognize:58 - Done recognising file in C:\Users\Shaked\Desktop\Shaked\Electronics\Python learning\2022+\TrackSeeker\instagram_bot_media\3152814008771177457_60488255066.mp3
2023-07-23 15:26:02.096 | DEBUG    | TrackSeeker.music_recognition:recognize:59 - Recognition answer: {'result_type': 0, 'status': {'msg': 'Success', 'code': 0, 'version': '1.0'}, 'cost_time': 0.047999858856201, 'metadata': {'custom_files': [{'acrid': 'c1ffff24c42d578d4b6e1442036e6107', 'db_end_time_offset_ms': 81300, 'sample_begin_time_offset_ms': 0, 'score': 100, 'play_offset_ms': 81720, 'sample_end_time_offset_ms': 8820, 'title': 'intro + sound the system', 'db_begin_time_offset_ms': 72480, 'album': 'Single', 'artist': 'Jenja & The Band', 'bucket_id': '20149', 'duration_ms': 732000}], 'timestamp_utc': '2023-07-23 12:26:02'}}
2023-07-23 15:26:02.103 | INFO     | TrackSeeker.music_recognition:recognize:55 - Recognising file in C:\Users\Shaked\Desktop\Shaked\Electronics\Python learning\2022+\TrackSeeker\instagram_bot_media\3152871737777998879_60488255066.mp3
2023-07-23 15:26:02.835 | INFO     | TrackSeeker.music_recognition:recognize:58 - Done recognising file in C:\Users\Shaked\Desktop\Shaked\Electronics\Python learning\2022+\TrackSeeker\instagram_bot_media\3152871737777998879_60488255066.mp3
2023-07-23 15:26:02.839 | DEBUG    | TrackSeeker.music_recognition:recognize:59 - Recognition answer: {'metadata': {'timestamp_utc': '2023-07-23 12:26:03', 'custom_files': [{'score': 100, 'bucket_id': '20149', 'acrid': '3292eb95fbec1fc7137f53bb25361ef1', 'album': 'Thriller', 'db_begin_time_offset_ms': 9840, 'db_end_time_offset_ms': 18080, 'sample_begin_time_offset_ms': 0, 'sample_end_time_offset_ms': 8240, 'play_offset_ms': 19100, 'duration_ms': 294228, 'artist': 'Michael Jackson', 'title': 'Billie Jean'}]}, 'cost_time': 0.026000022888184, 'status': {'code': 0, 'msg': 'Success', 'version': '1.0'}, 'result_type': 0}
2023-07-23 15:26:02.844 | INFO     | TrackSeeker.music_recognition:recognize:55 - Recognising file in C:\Users\Shaked\Desktop\Shaked\Electronics\Python learning\2022+\TrackSeeker\instagram_bot_media\3152875455474870559_60488255066.mp3
2023-07-23 15:26:04.036 | INFO     | TrackSeeker.music_recognition:recognize:58 - Done recognising file in C:\Users\Shaked\Desktop\Shaked\Electronics\Python learning\2022+\TrackSeeker\instagram_bot_media\3152875455474870559_60488255066.mp3
2023-07-23 15:26:04.040 | DEBUG    | TrackSeeker.music_recognition:recognize:59 - Recognition answer: {'cost_time': 0.026000022888184, 'metadata': {'timestamp_utc': '2023-07-23 12:26:04', 'custom_files': [{'score': 100, 'bucket_id': '20149', 'acrid': 'bcaee3f9c6cb373a5e45c463260d1c3a', 'album': 'Single', 'db_begin_time_offset_ms': 53100, 'db_end_time_offset_ms': 62180, 'sample_begin_time_offset_ms': 0, 'sample_end_time_offset_ms': 9080, 'play_offset_ms': 62260, 'duration_ms': 333722, 'title': 'Nicolas Masseyeff & Parallelle - Renegade (Adam Ten & Mita Gami Remix)', 'artist': 'Adam Ten'}]}, 'status': {'code': 0, 'msg': 'Success', 'version': '1.0'}, 'result_type': 0}
